Build started 2017-4-9 21:50:44.
     1>Project "E:\Exercise\线性表\circleLinkedList\circleLinkedList\linkedList\linkedList.vcxproj" on node 2 (build target(s)).
     1>InitializeBuildStatus:
         Creating "Debug\linkedList.unsuccessfulbuild" because "AlwaysCreate" was specified.
       ClCompile:
         All outputs are up-to-date.
         D:\Program Files\Microsoft Visual Studio 10.0\VC\bin\CL.exe /c /ZI /nologo /W3 /WX- /Od /Oy- /D WIN32 /D _DEBUG /D _CONSOLE /D _UNICODE /D UNICODE /Gm /EHsc /RTC1 /MDd /GS /fp:precise /Zc:wchar_t /Zc:forScope /Yu"StdAfx.h" /Fp"Debug\linkedList.pch" /Fo"Debug\\" /Fd"Debug\vc100.pdb" /Gd /TP /analyze- /errorReport:prompt linkedList.cpp
         linkedList.cpp
       ManifestResourceCompile:
         All outputs are up-to-date.
       Link:
         D:\Program Files\Microsoft Visual Studio 10.0\VC\bin\link.exe /ERRORREPORT:PROMPT /OUT:"E:\Exercise\线性表\circleLinkedList\circleLinkedList\Debug\linkedList.exe" /INCREMENTAL /NOLOGO kernel32.lib user32.lib gdi32.lib winspool.lib comdlg32.lib advapi32.lib shell32.lib ole32.lib oleaut32.lib uuid.lib odbc32.lib odbccp32.lib /MANIFEST /ManifestFile:"Debug\linkedList.exe.intermediate.manifest" /MANIFESTUAC:"level='asInvoker' uiAccess='false'" /DEBUG /PDB:"E:\Exercise\线性表\circleLinkedList\circleLinkedList\Debug\linkedList.pdb" /SUBSYSTEM:CONSOLE /TLBID:1 /DYNAMICBASE /NXCOMPAT /IMPLIB:"E:\Exercise\线性表\circleLinkedList\circleLinkedList\Debug\linkedList.lib" /MACHINE:X86 Debug\linkedList.exe.embed.manifest.res
         Debug\linkedList.obj
         Debug\stdafx.obj
       Manifest:
         C:\Program Files\Microsoft SDKs\Windows\v7.0A\bin\mt.exe /nologo /verbose /out:"Debug\linkedList.exe.embed.manifest" /manifest Debug\linkedList.exe.intermediate.manifest
         All outputs are up-to-date.
       LinkEmbedManifest:
         All outputs are up-to-date.
         linkedList.vcxproj -> E:\Exercise\线性表\circleLinkedList\circleLinkedList\Debug\linkedList.exe
       FinalizeBuildStatus:
         Deleting file "Debug\linkedList.unsuccessfulbuild".
         Touching "Debug\linkedList.lastbuildstate".
     1>Done Building Project "E:\Exercise\线性表\circleLinkedList\circleLinkedList\linkedList\linkedList.vcxproj" (build target(s)).

Build succeeded.

Time Elapsed 00:00:03.25
