Build started 2017-4-11 12:51:27.
     1>Project "E:\Exercise\栈和队列\sqStack\sqStack\sqStack.vcxproj" on node 2 (build target(s)).
     1>InitializeBuildStatus:
         Creating "Debug\sqStack.unsuccessfulbuild" because "AlwaysCreate" was specified.
       ClCompile:
         All outputs are up-to-date.
         D:\Program Files\Microsoft Visual Studio 10.0\VC\bin\CL.exe /c /ZI /nologo /W3 /WX- /Od /Oy- /D WIN32 /D _DEBUG /D _CONSOLE /D _UNICODE /D UNICODE /Gm /EHsc /RTC1 /MDd /GS /fp:precise /Zc:wchar_t /Zc:forScope /Yu"StdAfx.h" /Fp"Debug\sqStack.pch" /Fo"Debug\\" /Fd"Debug\vc100.pdb" /Gd /TP /analyze- /errorReport:prompt sqStack.cpp
         sqStack.cpp
       ManifestResourceCompile:
         All outputs are up-to-date.
       Link:
         D:\Program Files\Microsoft Visual Studio 10.0\VC\bin\link.exe /ERRORREPORT:PROMPT /OUT:"E:\Exercise\栈和队列\sqStack\Debug\sqStack.exe" /INCREMENTAL /NOLOGO kernel32.lib user32.lib gdi32.lib winspool.lib comdlg32.lib advapi32.lib shell32.lib ole32.lib oleaut32.lib uuid.lib odbc32.lib odbccp32.lib /MANIFEST /ManifestFile:"Debug\sqStack.exe.intermediate.manifest" /MANIFESTUAC:"level='asInvoker' uiAccess='false'" /DEBUG /PDB:"E:\Exercise\栈和队列\sqStack\Debug\sqStack.pdb" /SUBSYSTEM:CONSOLE /TLBID:1 /DYNAMICBASE /NXCOMPAT /IMPLIB:"E:\Exercise\栈和队列\sqStack\Debug\sqStack.lib" /MACHINE:X86 Debug\sqStack.exe.embed.manifest.res
         Debug\sqStack.obj
         Debug\stdafx.obj
       Manifest:
         C:\Program Files\Microsoft SDKs\Windows\v7.0A\bin\mt.exe /nologo /verbose /out:"Debug\sqStack.exe.embed.manifest" /manifest Debug\sqStack.exe.intermediate.manifest
         All outputs are up-to-date.
       LinkEmbedManifest:
         All outputs are up-to-date.
         sqStack.vcxproj -> E:\Exercise\栈和队列\sqStack\Debug\sqStack.exe
       FinalizeBuildStatus:
         Deleting file "Debug\sqStack.unsuccessfulbuild".
         Touching "Debug\sqStack.lastbuildstate".
     1>Done Building Project "E:\Exercise\栈和队列\sqStack\sqStack\sqStack.vcxproj" (build target(s)).

Build succeeded.

Time Elapsed 00:00:03.95
