E:\Exercise\图\邻接表\Debug\邻接表（有向和无向）.pdb
E:\Exercise\图\邻接表\邻接表（有向和无向）\Debug\cl.command.1.tlog
E:\Exercise\图\邻接表\邻接表（有向和无向）\Debug\CL.read.1.tlog
E:\Exercise\图\邻接表\邻接表（有向和无向）\Debug\CL.write.1.tlog
E:\Exercise\图\邻接表\邻接表（有向和无向）\Debug\link.62872.read.1.tlog
E:\Exercise\图\邻接表\邻接表（有向和无向）\Debug\link.62872.write.1.tlog
E:\Exercise\图\邻接表\邻接表（有向和无向）\Debug\link.62872-cvtres.read.1.tlog
E:\Exercise\图\邻接表\邻接表（有向和无向）\Debug\link.62872-cvtres.write.1.tlog
E:\Exercise\图\邻接表\邻接表（有向和无向）\Debug\link.70604.read.1.tlog
E:\Exercise\图\邻接表\邻接表（有向和无向）\Debug\link.70604.write.1.tlog
E:\Exercise\图\邻接表\邻接表（有向和无向）\Debug\link.70604-cvtres.read.1.tlog
E:\Exercise\图\邻接表\邻接表（有向和无向）\Debug\link.70604-cvtres.write.1.tlog
E:\Exercise\图\邻接表\邻接表（有向和无向）\Debug\link.93104.read.1.tlog
E:\Exercise\图\邻接表\邻接表（有向和无向）\Debug\link.93104.write.1.tlog
E:\Exercise\图\邻接表\邻接表（有向和无向）\Debug\link.93104-cvtres.read.1.tlog
E:\Exercise\图\邻接表\邻接表（有向和无向）\Debug\link.93104-cvtres.write.1.tlog
E:\Exercise\图\邻接表\邻接表（有向和无向）\Debug\link.96668.read.1.tlog
E:\Exercise\图\邻接表\邻接表（有向和无向）\Debug\link.96668.write.1.tlog
E:\Exercise\图\邻接表\邻接表（有向和无向）\Debug\link.96668-cvtres.read.1.tlog
E:\Exercise\图\邻接表\邻接表（有向和无向）\Debug\link.96668-cvtres.write.1.tlog
E:\Exercise\图\邻接表\邻接表（有向和无向）\Debug\link.command.1.tlog
E:\Exercise\图\邻接表\邻接表（有向和无向）\Debug\link.read.1.tlog
E:\Exercise\图\邻接表\邻接表（有向和无向）\Debug\link.write.1.tlog
E:\Exercise\图\邻接表\邻接表（有向和无向）\Debug\link-cvtres.read.1.tlog
E:\Exercise\图\邻接表\邻接表（有向和无向）\Debug\link-cvtres.write.1.tlog
E:\Exercise\图\邻接表\邻接表（有向和无向）\Debug\mt.command.1.tlog
E:\Exercise\图\邻接表\邻接表（有向和无向）\Debug\mt.read.1.tlog
E:\Exercise\图\邻接表\邻接表（有向和无向）\Debug\mt.write.1.tlog
E:\Exercise\图\邻接表\邻接表（有向和无向）\Debug\rc.command.1.tlog
E:\Exercise\图\邻接表\邻接表（有向和无向）\Debug\rc.read.1.tlog
E:\Exercise\图\邻接表\邻接表（有向和无向）\Debug\rc.write.1.tlog
E:\EXERCISE\图\邻接表\邻接表（有向和无向）\DEBUG\STDAFX.OBJ
E:\Exercise\图\邻接表\邻接表（有向和无向）\Debug\vc100.idb
E:\EXERCISE\图\邻接表\邻接表（有向和无向）\DEBUG\VC100.PDB
E:\EXERCISE\图\邻接表\邻接表（有向和无向）\DEBUG\邻接表（有向和无向）.EXE.EMBED.MANIFEST
E:\EXERCISE\图\邻接表\邻接表（有向和无向）\DEBUG\邻接表（有向和无向）.EXE.EMBED.MANIFEST.RES
E:\Exercise\图\邻接表\邻接表（有向和无向）\Debug\邻接表（有向和无向）.exe.intermediate.manifest
E:\EXERCISE\图\邻接表\邻接表（有向和无向）\DEBUG\邻接表（有向和无向）.OBJ
E:\EXERCISE\图\邻接表\邻接表（有向和无向）\DEBUG\邻接表（有向和无向）.PCH
E:\Exercise\图\邻接表\邻接表（有向和无向）\Debug\邻接表（有向和无向）_manifest.rc
