Build started 2017-5-2 21:58:09.
     1>Project "E:\Exercise\图\邻接表\邻接表（有向和无向）\邻接表（有向和无向）.vcxproj" on node 2 (build target(s)).
     1>InitializeBuildStatus:
         Touching "Debug\邻接表（有向和无向）.unsuccessfulbuild".
       ClCompile:
         All outputs are up-to-date.
         D:\Program Files\Microsoft Visual Studio 10.0\VC\bin\CL.exe /c /ZI /nologo /W3 /WX- /Od /Oy- /D WIN32 /D _DEBUG /D _CONSOLE /D _UNICODE /D UNICODE /Gm /EHsc /RTC1 /MDd /GS /fp:precise /Zc:wchar_t /Zc:forScope /Yu"StdAfx.h" /Fp"Debug\邻接表（有向和无向）.pch" /Fo"Debug\\" /Fd"Debug\vc100.pdb" /Gd /TP /analyze- /errorReport:prompt "邻接表（有向和无向）.cpp"
         邻接表（有向和无向）.cpp
     1>e:\exercise\图\邻接表\邻接表（有向和无向）\邻接表（有向和无向）.cpp(137): warning C4305: '=' : truncation from 'int' to 'vertexType'
     1>e:\exercise\图\邻接表\邻接表（有向和无向）\邻接表（有向和无向）.cpp(137): warning C4309: '=' : truncation of constant value
       ManifestResourceCompile:
         All outputs are up-to-date.
       Link:
         D:\Program Files\Microsoft Visual Studio 10.0\VC\bin\link.exe /ERRORREPORT:PROMPT /OUT:"E:\Exercise\图\邻接表\Debug\邻接表（有向和无向）.exe" /INCREMENTAL /NOLOGO kernel32.lib user32.lib gdi32.lib winspool.lib comdlg32.lib advapi32.lib shell32.lib ole32.lib oleaut32.lib uuid.lib odbc32.lib odbccp32.lib /MANIFEST /ManifestFile:"Debug\邻接表（有向和无向）.exe.intermediate.manifest" /MANIFESTUAC:"level='asInvoker' uiAccess='false'" /DEBUG /PDB:"E:\Exercise\图\邻接表\Debug\邻接表（有向和无向）.pdb" /SUBSYSTEM:CONSOLE /TLBID:1 /DYNAMICBASE /NXCOMPAT /IMPLIB:"E:\Exercise\图\邻接表\Debug\邻接表（有向和无向）.lib" /MACHINE:X86 "Debug\邻接表（有向和无向）.exe.embed.manifest.res"
         Debug\stdafx.obj
         "Debug\邻接表（有向和无向）.obj"
       Manifest:
         C:\Program Files\Microsoft SDKs\Windows\v7.0A\bin\mt.exe /nologo /verbose /out:"Debug\邻接表（有向和无向）.exe.embed.manifest" /manifest "Debug\邻接表（有向和无向）.exe.intermediate.manifest"
         All outputs are up-to-date.
       LinkEmbedManifest:
         All outputs are up-to-date.
         邻接表（有向和无向）.vcxproj -> E:\Exercise\图\邻接表\Debug\邻接表（有向和无向）.exe
       FinalizeBuildStatus:
         Deleting file "Debug\邻接表（有向和无向）.unsuccessfulbuild".
         Touching "Debug\邻接表（有向和无向）.lastbuildstate".
     1>Done Building Project "E:\Exercise\图\邻接表\邻接表（有向和无向）\邻接表（有向和无向）.vcxproj" (build target(s)).

Build succeeded.

Time Elapsed 00:00:03.85
