Build started 2017-4-23 15:22:56.
     1>Project "E:\Exercise\树\binaryThrTree\binaryThrTree\binaryThrTree.vcxproj" on node 2 (build target(s)).
     1>InitializeBuildStatus:
         Creating "Debug\binaryThrTree.unsuccessfulbuild" because "AlwaysCreate" was specified.
       ClCompile:
         D:\Program Files\Microsoft Visual Studio 10.0\VC\bin\CL.exe /c /ZI /nologo /W3 /WX- /Od /Oy- /D WIN32 /D _DEBUG /D _CONSOLE /D _UNICODE /D UNICODE /Gm /EHsc /RTC1 /MDd /GS /fp:precise /Zc:wchar_t /Zc:forScope /Yc"StdAfx.h" /Fp"Debug\binaryThrTree.pch" /Fo"Debug\\" /Fd"Debug\vc100.pdb" /Gd /TP /analyze- /errorReport:prompt stdafx.cpp
         stdafx.cpp
         D:\Program Files\Microsoft Visual Studio 10.0\VC\bin\CL.exe /c /ZI /nologo /W3 /WX- /Od /Oy- /D WIN32 /D _DEBUG /D _CONSOLE /D _UNICODE /D UNICODE /Gm /EHsc /RTC1 /MDd /GS /fp:precise /Zc:wchar_t /Zc:forScope /Yu"StdAfx.h" /Fp"Debug\binaryThrTree.pch" /Fo"Debug\\" /Fd"Debug\vc100.pdb" /Gd /TP /analyze- /errorReport:prompt binaryThrTree.cpp
         binaryThrTree.cpp
       ManifestResourceCompile:
         C:\Program Files\Microsoft SDKs\Windows\v7.0A\bin\rc.exe /nologo /fo"Debug\binaryThrTree.exe.embed.manifest.res" Debug\binaryThrTree_manifest.rc 
       Link:
         D:\Program Files\Microsoft Visual Studio 10.0\VC\bin\link.exe /ERRORREPORT:PROMPT /OUT:"E:\Exercise\树\binaryThrTree\Debug\binaryThrTree.exe" /INCREMENTAL /NOLOGO kernel32.lib user32.lib gdi32.lib winspool.lib comdlg32.lib advapi32.lib shell32.lib ole32.lib oleaut32.lib uuid.lib odbc32.lib odbccp32.lib /MANIFEST /ManifestFile:"Debug\binaryThrTree.exe.intermediate.manifest" /MANIFESTUAC:"level='asInvoker' uiAccess='false'" /DEBUG /PDB:"E:\Exercise\树\binaryThrTree\Debug\binaryThrTree.pdb" /SUBSYSTEM:CONSOLE /TLBID:1 /DYNAMICBASE /NXCOMPAT /IMPLIB:"E:\Exercise\树\binaryThrTree\Debug\binaryThrTree.lib" /MACHINE:X86 Debug\binaryThrTree.exe.embed.manifest.res
         Debug\binaryThrTree.obj
         Debug\stdafx.obj
       Manifest:
         C:\Program Files\Microsoft SDKs\Windows\v7.0A\bin\mt.exe /nologo /verbose /out:"Debug\binaryThrTree.exe.embed.manifest" /manifest Debug\binaryThrTree.exe.intermediate.manifest
         All outputs are up-to-date.
       LinkEmbedManifest:
         All outputs are up-to-date.
         binaryThrTree.vcxproj -> E:\Exercise\树\binaryThrTree\Debug\binaryThrTree.exe
       FinalizeBuildStatus:
         Deleting file "Debug\binaryThrTree.unsuccessfulbuild".
         Touching "Debug\binaryThrTree.lastbuildstate".
     1>Done Building Project "E:\Exercise\树\binaryThrTree\binaryThrTree\binaryThrTree.vcxproj" (build target(s)).

Build succeeded.

Time Elapsed 00:00:02.71
