Build started 2017-4-17 20:55:39.
     1>Project "E:\Exercise\树\binaryTree\binaryTree\binaryTree.vcxproj" on node 2 (build target(s)).
     1>InitializeBuildStatus:
         Creating "Debug\binaryTree.unsuccessfulbuild" because "AlwaysCreate" was specified.
       ClCompile:
         All outputs are up-to-date.
         D:\Program Files\Microsoft Visual Studio 10.0\VC\bin\CL.exe /c /ZI /nologo /W3 /WX- /Od /Oy- /D WIN32 /D _DEBUG /D _CONSOLE /D _UNICODE /D UNICODE /Gm /EHsc /RTC1 /MDd /GS /fp:precise /Zc:wchar_t /Zc:forScope /Yu"StdAfx.h" /Fp"Debug\binaryTree.pch" /Fo"Debug\\" /Fd"Debug\vc100.pdb" /Gd /TP /analyze- /errorReport:prompt binaryTree.cpp
         binaryTree.cpp
       ManifestResourceCompile:
         All outputs are up-to-date.
       Link:
         D:\Program Files\Microsoft Visual Studio 10.0\VC\bin\link.exe /ERRORREPORT:PROMPT /OUT:"E:\Exercise\树\binaryTree\Debug\binaryTree.exe" /INCREMENTAL /NOLOGO kernel32.lib user32.lib gdi32.lib winspool.lib comdlg32.lib advapi32.lib shell32.lib ole32.lib oleaut32.lib uuid.lib odbc32.lib odbccp32.lib /MANIFEST /ManifestFile:"Debug\binaryTree.exe.intermediate.manifest" /MANIFESTUAC:"level='asInvoker' uiAccess='false'" /DEBUG /PDB:"E:\Exercise\树\binaryTree\Debug\binaryTree.pdb" /SUBSYSTEM:CONSOLE /TLBID:1 /DYNAMICBASE /NXCOMPAT /IMPLIB:"E:\Exercise\树\binaryTree\Debug\binaryTree.lib" /MACHINE:X86 Debug\binaryTree.exe.embed.manifest.res
         Debug\binaryTree.obj
         Debug\stdafx.obj
       Manifest:
         C:\Program Files\Microsoft SDKs\Windows\v7.0A\bin\mt.exe /nologo /verbose /out:"Debug\binaryTree.exe.embed.manifest" /manifest Debug\binaryTree.exe.intermediate.manifest
         All outputs are up-to-date.
       LinkEmbedManifest:
         All outputs are up-to-date.
         binaryTree.vcxproj -> E:\Exercise\树\binaryTree\Debug\binaryTree.exe
       FinalizeBuildStatus:
         Deleting file "Debug\binaryTree.unsuccessfulbuild".
         Touching "Debug\binaryTree.lastbuildstate".
     1>Done Building Project "E:\Exercise\树\binaryTree\binaryTree\binaryTree.vcxproj" (build target(s)).

Build succeeded.

Time Elapsed 00:00:06.03
