Build started 2017-4-12 21:48:16.
     1>Project "E:\Exercise\串\堆存储\heapString\heapString\heapString.vcxproj" on node 2 (build target(s)).
     1>InitializeBuildStatus:
         Creating "Debug\heapString.unsuccessfulbuild" because "AlwaysCreate" was specified.
       ClCompile:
         All outputs are up-to-date.
         D:\Program Files\Microsoft Visual Studio 10.0\VC\bin\CL.exe /c /ZI /nologo /W3 /WX- /Od /Oy- /D WIN32 /D _DEBUG /D _CONSOLE /D _UNICODE /D UNICODE /Gm /EHsc /RTC1 /MDd /GS /fp:precise /Zc:wchar_t /Zc:forScope /Yu"StdAfx.h" /Fp"Debug\heapString.pch" /Fo"Debug\\" /Fd"Debug\vc100.pdb" /Gd /TP /analyze- /errorReport:prompt heapString.cpp
         heapString.cpp
     1>e:\exercise\串\堆存储\heapstring\heapstring\heapstring.cpp(33): warning C4996: 'strcpy': This function or variable may be unsafe. Consider using strcpy_s instead. To disable deprecation, use _CRT_SECURE_NO_WARNINGS. See online help for details.
                 d:\program files\microsoft visual studio 10.0\vc\include\string.h(105) : see declaration of 'strcpy'
     1>e:\exercise\串\堆存储\heapstring\heapstring\heapstring.cpp(72): warning C4996: 'strcpy': This function or variable may be unsafe. Consider using strcpy_s instead. To disable deprecation, use _CRT_SECURE_NO_WARNINGS. See online help for details.
                 d:\program files\microsoft visual studio 10.0\vc\include\string.h(105) : see declaration of 'strcpy'
     1>e:\exercise\串\堆存储\heapstring\heapstring\heapstring.cpp(77): warning C4996: 'strcpy': This function or variable may be unsafe. Consider using strcpy_s instead. To disable deprecation, use _CRT_SECURE_NO_WARNINGS. See online help for details.
                 d:\program files\microsoft visual studio 10.0\vc\include\string.h(105) : see declaration of 'strcpy'
       ManifestResourceCompile:
         All outputs are up-to-date.
       Link:
         D:\Program Files\Microsoft Visual Studio 10.0\VC\bin\link.exe /ERRORREPORT:PROMPT /OUT:"E:\Exercise\串\堆存储\heapString\Debug\heapString.exe" /INCREMENTAL /NOLOGO kernel32.lib user32.lib gdi32.lib winspool.lib comdlg32.lib advapi32.lib shell32.lib ole32.lib oleaut32.lib uuid.lib odbc32.lib odbccp32.lib /MANIFEST /ManifestFile:"Debug\heapString.exe.intermediate.manifest" /MANIFESTUAC:"level='asInvoker' uiAccess='false'" /DEBUG /PDB:"E:\Exercise\串\堆存储\heapString\Debug\heapString.pdb" /SUBSYSTEM:CONSOLE /TLBID:1 /DYNAMICBASE /NXCOMPAT /IMPLIB:"E:\Exercise\串\堆存储\heapString\Debug\heapString.lib" /MACHINE:X86 Debug\heapString.exe.embed.manifest.res
         Debug\heapString.obj
         Debug\stdafx.obj
       Manifest:
         C:\Program Files\Microsoft SDKs\Windows\v7.0A\bin\mt.exe /nologo /verbose /out:"Debug\heapString.exe.embed.manifest" /manifest Debug\heapString.exe.intermediate.manifest
         All outputs are up-to-date.
       LinkEmbedManifest:
         All outputs are up-to-date.
         heapString.vcxproj -> E:\Exercise\串\堆存储\heapString\Debug\heapString.exe
       FinalizeBuildStatus:
         Deleting file "Debug\heapString.unsuccessfulbuild".
         Touching "Debug\heapString.lastbuildstate".
     1>Done Building Project "E:\Exercise\串\堆存储\heapString\heapString\heapString.vcxproj" (build target(s)).

Build succeeded.

Time Elapsed 00:00:02.45
