Build started 2017-5-5 15:01:53.
     1>Project "E:\Exercise\图\十字链表\十字链表\十字链表.vcxproj" on node 2 (build target(s)).
     1>InitializeBuildStatus:
         Creating "Debug\十字链表.unsuccessfulbuild" because "AlwaysCreate" was specified.
       ClCompile:
         All outputs are up-to-date.
         D:\Program Files\Microsoft Visual Studio 10.0\VC\bin\CL.exe /c /ZI /nologo /W3 /WX- /Od /Oy- /D WIN32 /D _DEBUG /D _CONSOLE /D _UNICODE /D UNICODE /Gm /EHsc /RTC1 /MDd /GS /fp:precise /Zc:wchar_t /Zc:forScope /Yu"StdAfx.h" /Fp"Debug\十字链表.pch" /Fo"Debug\\" /Fd"Debug\vc100.pdb" /Gd /TP /analyze- /errorReport:prompt "十字链表.cpp"
         十字链表.cpp
       ManifestResourceCompile:
         All outputs are up-to-date.
       Link:
         D:\Program Files\Microsoft Visual Studio 10.0\VC\bin\link.exe /ERRORREPORT:PROMPT /OUT:"E:\Exercise\图\十字链表\Debug\十字链表.exe" /INCREMENTAL /NOLOGO kernel32.lib user32.lib gdi32.lib winspool.lib comdlg32.lib advapi32.lib shell32.lib ole32.lib oleaut32.lib uuid.lib odbc32.lib odbccp32.lib /MANIFEST /ManifestFile:"Debug\十字链表.exe.intermediate.manifest" /MANIFESTUAC:"level='asInvoker' uiAccess='false'" /DEBUG /PDB:"E:\Exercise\图\十字链表\Debug\十字链表.pdb" /SUBSYSTEM:CONSOLE /TLBID:1 /DYNAMICBASE /NXCOMPAT /IMPLIB:"E:\Exercise\图\十字链表\Debug\十字链表.lib" /MACHINE:X86 "Debug\十字链表.exe.embed.manifest.res"
         Debug\stdafx.obj
         "Debug\十字链表.obj"
       Manifest:
         C:\Program Files\Microsoft SDKs\Windows\v7.0A\bin\mt.exe /nologo /verbose /out:"Debug\十字链表.exe.embed.manifest" /manifest "Debug\十字链表.exe.intermediate.manifest"
         All outputs are up-to-date.
       LinkEmbedManifest:
         All outputs are up-to-date.
         十字链表.vcxproj -> E:\Exercise\图\十字链表\Debug\十字链表.exe
       FinalizeBuildStatus:
         Deleting file "Debug\十字链表.unsuccessfulbuild".
         Touching "Debug\十字链表.lastbuildstate".
     1>Done Building Project "E:\Exercise\图\十字链表\十字链表\十字链表.vcxproj" (build target(s)).

Build succeeded.

Time Elapsed 00:00:11.06
