E:\EXERCISE\串\模式匹配\INDEX\DEBUG\INDEX.EXE
E:\EXERCISE\串\模式匹配\INDEX\DEBUG\INDEX.ILK
E:\EXERCISE\串\模式匹配\INDEX\DEBUG\INDEX.PDB
E:\Exercise\串\模式匹配\Index\Index\Debug\cl.command.1.tlog
E:\Exercise\串\模式匹配\Index\Index\Debug\CL.read.1.tlog
E:\Exercise\串\模式匹配\Index\Index\Debug\CL.write.1.tlog
E:\EXERCISE\串\模式匹配\INDEX\INDEX\DEBUG\INDEX.EXE.EMBED.MANIFEST
E:\EXERCISE\串\模式匹配\INDEX\INDEX\DEBUG\INDEX.EXE.EMBED.MANIFEST.RES
E:\EXERCISE\串\模式匹配\INDEX\INDEX\DEBUG\INDEX.EXE.INTERMEDIATE.MANIFEST
E:\EXERCISE\串\模式匹配\INDEX\INDEX\DEBUG\INDEX.OBJ
E:\EXERCISE\串\模式匹配\INDEX\INDEX\DEBUG\INDEX.PCH
E:\Exercise\串\模式匹配\Index\Index\Debug\Index_manifest.rc
E:\Exercise\串\模式匹配\Index\Index\Debug\link.83712.read.1.tlog
E:\Exercise\串\模式匹配\Index\Index\Debug\link.83712.write.1.tlog
E:\Exercise\串\模式匹配\Index\Index\Debug\link.83712-cvtres.read.1.tlog
E:\Exercise\串\模式匹配\Index\Index\Debug\link.83712-cvtres.write.1.tlog
E:\Exercise\串\模式匹配\Index\Index\Debug\link.command.1.tlog
E:\Exercise\串\模式匹配\Index\Index\Debug\link.read.1.tlog
E:\Exercise\串\模式匹配\Index\Index\Debug\link.write.1.tlog
E:\Exercise\串\模式匹配\Index\Index\Debug\link-cvtres.read.1.tlog
E:\Exercise\串\模式匹配\Index\Index\Debug\link-cvtres.write.1.tlog
E:\Exercise\串\模式匹配\Index\Index\Debug\mt.command.1.tlog
E:\Exercise\串\模式匹配\Index\Index\Debug\mt.read.1.tlog
E:\Exercise\串\模式匹配\Index\Index\Debug\mt.write.1.tlog
E:\Exercise\串\模式匹配\Index\Index\Debug\rc.command.1.tlog
E:\Exercise\串\模式匹配\Index\Index\Debug\rc.read.1.tlog
E:\Exercise\串\模式匹配\Index\Index\Debug\rc.write.1.tlog
E:\EXERCISE\串\模式匹配\INDEX\INDEX\DEBUG\STDAFX.OBJ
E:\Exercise\串\模式匹配\Index\Index\Debug\vc100.idb
E:\EXERCISE\串\模式匹配\INDEX\INDEX\DEBUG\VC100.PDB
