Build started 2017-5-8 14:45:44.
     1>Project "E:\Exercise\图\DFS\DFS\DFS.vcxproj" on node 2 (build target(s)).
     1>InitializeBuildStatus:
         Creating "Debug\DFS.unsuccessfulbuild" because "AlwaysCreate" was specified.
       ClCompile:
         All outputs are up-to-date.
         D:\Program Files\Microsoft Visual Studio 10.0\VC\bin\CL.exe /c /ZI /nologo /W3 /WX- /Od /Oy- /D WIN32 /D _DEBUG /D _CONSOLE /D _UNICODE /D UNICODE /Gm /EHsc /RTC1 /MDd /GS /fp:precise /Zc:wchar_t /Zc:forScope /Yu"StdAfx.h" /Fp"Debug\DFS.pch" /Fo"Debug\\" /Fd"Debug\vc100.pdb" /Gd /TP /analyze- /errorReport:prompt DFS.cpp
         DFS.cpp
     1>e:\exercise\图\dfs\dfs\dfs.cpp(137): warning C4305: '=' : truncation from 'int' to 'vertexType'
     1>e:\exercise\图\dfs\dfs\dfs.cpp(137): warning C4309: '=' : truncation of constant value
       ManifestResourceCompile:
         All outputs are up-to-date.
       Link:
         D:\Program Files\Microsoft Visual Studio 10.0\VC\bin\link.exe /ERRORREPORT:PROMPT /OUT:"E:\Exercise\图\DFS\Debug\DFS.exe" /INCREMENTAL /NOLOGO kernel32.lib user32.lib gdi32.lib winspool.lib comdlg32.lib advapi32.lib shell32.lib ole32.lib oleaut32.lib uuid.lib odbc32.lib odbccp32.lib /MANIFEST /ManifestFile:"Debug\DFS.exe.intermediate.manifest" /MANIFESTUAC:"level='asInvoker' uiAccess='false'" /DEBUG /PDB:"E:\Exercise\图\DFS\Debug\DFS.pdb" /SUBSYSTEM:CONSOLE /TLBID:1 /DYNAMICBASE /NXCOMPAT /IMPLIB:"E:\Exercise\图\DFS\Debug\DFS.lib" /MACHINE:X86 Debug\DFS.exe.embed.manifest.res
         Debug\DFS.obj
         Debug\stdafx.obj
       Manifest:
         C:\Program Files\Microsoft SDKs\Windows\v7.0A\bin\mt.exe /nologo /verbose /out:"Debug\DFS.exe.embed.manifest" /manifest Debug\DFS.exe.intermediate.manifest
         All outputs are up-to-date.
       LinkEmbedManifest:
         All outputs are up-to-date.
         DFS.vcxproj -> E:\Exercise\图\DFS\Debug\DFS.exe
       FinalizeBuildStatus:
         Deleting file "Debug\DFS.unsuccessfulbuild".
         Touching "Debug\DFS.lastbuildstate".
     1>Done Building Project "E:\Exercise\图\DFS\DFS\DFS.vcxproj" (build target(s)).

Build succeeded.

Time Elapsed 00:00:01.39
