E:\EXERCISE\栈和队列\LINKEDQUEUE\DEBUG\LINKEDQUEUE.EXE
E:\EXERCISE\栈和队列\LINKEDQUEUE\DEBUG\LINKEDQUEUE.ILK
E:\EXERCISE\栈和队列\LINKEDQUEUE\DEBUG\LINKEDQUEUE.PDB
E:\Exercise\栈和队列\linkedQueue\linkedQueue\Debug\cl.command.1.tlog
E:\Exercise\栈和队列\linkedQueue\linkedQueue\Debug\CL.read.1.tlog
E:\Exercise\栈和队列\linkedQueue\linkedQueue\Debug\CL.write.1.tlog
E:\Exercise\栈和队列\linkedQueue\linkedQueue\Debug\link.19220.read.1.tlog
E:\Exercise\栈和队列\linkedQueue\linkedQueue\Debug\link.19220.write.1.tlog
E:\Exercise\栈和队列\linkedQueue\linkedQueue\Debug\link.19220-cvtres.read.1.tlog
E:\Exercise\栈和队列\linkedQueue\linkedQueue\Debug\link.19220-cvtres.write.1.tlog
E:\Exercise\栈和队列\linkedQueue\linkedQueue\Debug\link.command.1.tlog
E:\Exercise\栈和队列\linkedQueue\linkedQueue\Debug\link.read.1.tlog
E:\Exercise\栈和队列\linkedQueue\linkedQueue\Debug\link.write.1.tlog
E:\Exercise\栈和队列\linkedQueue\linkedQueue\Debug\link-cvtres.read.1.tlog
E:\Exercise\栈和队列\linkedQueue\linkedQueue\Debug\link-cvtres.write.1.tlog
E:\EXERCISE\栈和队列\LINKEDQUEUE\LINKEDQUEUE\DEBUG\LINKEDQUEUE.EXE.EMBED.MANIFEST
E:\EXERCISE\栈和队列\LINKEDQUEUE\LINKEDQUEUE\DEBUG\LINKEDQUEUE.EXE.EMBED.MANIFEST.RES
E:\EXERCISE\栈和队列\LINKEDQUEUE\LINKEDQUEUE\DEBUG\LINKEDQUEUE.EXE.INTERMEDIATE.MANIFEST
E:\EXERCISE\栈和队列\LINKEDQUEUE\LINKEDQUEUE\DEBUG\LINKEDQUEUE.OBJ
E:\EXERCISE\栈和队列\LINKEDQUEUE\LINKEDQUEUE\DEBUG\LINKEDQUEUE.PCH
E:\Exercise\栈和队列\linkedQueue\linkedQueue\Debug\linkedQueue_manifest.rc
E:\Exercise\栈和队列\linkedQueue\linkedQueue\Debug\mt.command.1.tlog
E:\Exercise\栈和队列\linkedQueue\linkedQueue\Debug\mt.read.1.tlog
E:\Exercise\栈和队列\linkedQueue\linkedQueue\Debug\mt.write.1.tlog
E:\Exercise\栈和队列\linkedQueue\linkedQueue\Debug\rc.command.1.tlog
E:\Exercise\栈和队列\linkedQueue\linkedQueue\Debug\rc.read.1.tlog
E:\Exercise\栈和队列\linkedQueue\linkedQueue\Debug\rc.write.1.tlog
E:\EXERCISE\栈和队列\LINKEDQUEUE\LINKEDQUEUE\DEBUG\STDAFX.OBJ
E:\Exercise\栈和队列\linkedQueue\linkedQueue\Debug\vc100.idb
E:\EXERCISE\栈和队列\LINKEDQUEUE\LINKEDQUEUE\DEBUG\VC100.PDB
