Build started 2017-5-2 10:05:42.
     1>Project "E:\Exercise\树\haffmanTree\haffmanTree\haffmanTree.vcxproj" on node 2 (build target(s)).
     1>InitializeBuildStatus:
         Creating "Debug\haffmanTree.unsuccessfulbuild" because "AlwaysCreate" was specified.
       ClCompile:
         All outputs are up-to-date.
         D:\Program Files\Microsoft Visual Studio 10.0\VC\bin\CL.exe /c /ZI /nologo /W3 /WX- /Od /Oy- /D WIN32 /D _DEBUG /D _CONSOLE /D _UNICODE /D UNICODE /Gm /EHsc /RTC1 /MDd /GS /fp:precise /Zc:wchar_t /Zc:forScope /Yu"StdAfx.h" /Fp"Debug\haffmanTree.pch" /Fo"Debug\\" /Fd"Debug\vc100.pdb" /Gd /TP /analyze- /errorReport:prompt haffmanTree.cpp
         haffmanTree.cpp
     1>e:\exercise\树\haffmantree\haffmantree\haffmantree.cpp(114): warning C4996: 'strcpy': This function or variable may be unsafe. Consider using strcpy_s instead. To disable deprecation, use _CRT_SECURE_NO_WARNINGS. See online help for details.
                 d:\program files\microsoft visual studio 10.0\vc\include\string.h(105) : see declaration of 'strcpy'
       ManifestResourceCompile:
         All outputs are up-to-date.
       Link:
         D:\Program Files\Microsoft Visual Studio 10.0\VC\bin\link.exe /ERRORREPORT:PROMPT /OUT:"E:\Exercise\树\haffmanTree\Debug\haffmanTree.exe" /INCREMENTAL /NOLOGO kernel32.lib user32.lib gdi32.lib winspool.lib comdlg32.lib advapi32.lib shell32.lib ole32.lib oleaut32.lib uuid.lib odbc32.lib odbccp32.lib /MANIFEST /ManifestFile:"Debug\haffmanTree.exe.intermediate.manifest" /MANIFESTUAC:"level='asInvoker' uiAccess='false'" /DEBUG /PDB:"E:\Exercise\树\haffmanTree\Debug\haffmanTree.pdb" /SUBSYSTEM:CONSOLE /TLBID:1 /DYNAMICBASE /NXCOMPAT /IMPLIB:"E:\Exercise\树\haffmanTree\Debug\haffmanTree.lib" /MACHINE:X86 Debug\haffmanTree.exe.embed.manifest.res
         Debug\haffmanTree.obj
         Debug\stdafx.obj
       Manifest:
         C:\Program Files\Microsoft SDKs\Windows\v7.0A\bin\mt.exe /nologo /verbose /out:"Debug\haffmanTree.exe.embed.manifest" /manifest Debug\haffmanTree.exe.intermediate.manifest
         All outputs are up-to-date.
       LinkEmbedManifest:
         All outputs are up-to-date.
         haffmanTree.vcxproj -> E:\Exercise\树\haffmanTree\Debug\haffmanTree.exe
       FinalizeBuildStatus:
         Deleting file "Debug\haffmanTree.unsuccessfulbuild".
         Touching "Debug\haffmanTree.lastbuildstate".
     1>Done Building Project "E:\Exercise\树\haffmanTree\haffmanTree\haffmanTree.vcxproj" (build target(s)).

Build succeeded.

Time Elapsed 00:00:02.14
